[    0.000000] Initializing cgroup subsys cpuset
[    0.000000] Initializing cgroup subsys cpu
[    0.000000] Initializing cgroup subsys cpuacct
[    0.000000] Linux version 4.4.0-210-generic (buildd@lgw01-amd64-009) (gcc version 5.4.0 20160609 (Ubuntu 5.4.0-6ubuntu1~16.04.12) ) #242-Ubuntu SMP Fri Apr 16 09:57:56 UTC 2021 (Ubuntu 4.4.0-210.242-generic 4.4.262)
[    0.000000] Command line: BOOT_IMAGE=/boot/vmlinuz-4.4.0-210-generic root=LABEL=cloudimg-rootfs ro console=tty1 console=ttyS0
[    0.000000] KERNEL supported cpus:
[    0.000000]   Intel GenuineIntel
[    0.000000]   AMD AuthenticAMD
[    0.000000]   Centaur CentaurHauls
[    0.000000] x86/fpu: Legacy x87 FPU detected.
[    0.000000] e820: BIOS-provided physical RAM map:
[    0.000000] BIOS-e820: [mem 0x0000000000000000-0x000000000009fbff] usable
[    0.000000] BIOS-e820: [mem 0x000000000009fc00-0x000000000009ffff] reserved
[    0.000000] BIOS-e820: [mem 0x00000000000f0000-0x00000000000fffff] reserved
[    0.000000] BIOS-e820: [mem 0x0000000000100000-0x000000003ffeffff] usable
[    0.000000] BIOS-e820: [mem 0x000000003fff0000-0x000000003fffffff] ACPI data
[    0.000000] BIOS-e820: [mem 0x00000000fec00000-0x00000000fec00fff] reserved
[    0.000000] BIOS-e820: [mem 0x00000000fee00000-0x00000000fee00fff] reserved
[    0.000000] BIOS-e820: [mem 0x00000000fffc0000-0x00000000ffffffff] reserved
[    0.000000] NX (Execute Disable) protection: active
[    0.000000] SMBIOS 2.5 present.
[    0.000000] Hypervisor detected: KVM
[    0.000000] e820: last_pfn = 0x3fff0 max_arch_pfn = 0x400000000
[    0.000000] MTRR: Disabled
[    0.000000] x86/PAT: MTRRs disabled, skipping PAT initialization too.
[    0.000000] CPU MTRRs all blank - virtualized system.
[    0.000000] x86/PAT: Configuration [0-7]: WB  WT  UC- UC  WB  WT  UC- UC  
[    0.000000] found SMP MP-table at [mem 0x0009fff0-0x0009ffff] mapped at [ffff88000009fff0]
[    0.000000] Scanning 1 areas for low memory corruption
[    0.000000] RAMDISK: [mem 0x362dc000-0x37165fff]
[    0.000000] ACPI: Early table checksum verification disabled
[    0.000000] ACPI: RSDP 0x00000000000E0000 000024 (v02 VBOX  )
[    0.000000] ACPI: XSDT 0x000000003FFF0030 00003C (v01 VBOX   VBOXXSDT 00000001 ASL  00000061)
[    0.000000] ACPI: FACP 0x000000003FFF00F0 0000F4 (v04 VBOX   VBOXFACP 00000001 ASL  00000061)
[    0.000000] ACPI: DSDT 0x000000003FFF0610 002353 (v02 VBOX   VBOXBIOS 00000002 INTL 20100528)
[    0.000000] ACPI: FACS 0x000000003FFF0200 000040
[    0.000000] ACPI: FACS 0x000000003FFF0200 000040
[    0.000000] ACPI: APIC 0x000000003FFF0240 00005C (v02 VBOX   VBOXAPIC 00000001 ASL  00000061)
[    0.000000] ACPI: SSDT 0x000000003FFF02A0 00036C (v01 VBOX   VBOXCPUT 00000002 INTL 20100528)
[    0.000000] No NUMA configuration found
[    0.000000] Faking a node at [mem 0x0000000000000000-0x000000003ffeffff]
[    0.000000] NODE_DATA(0) allocated [mem 0x3ffeb000-0x3ffeffff]
[    0.000000] kvm-clock: Using msrs 4b564d01 and 4b564d00
[    0.000000] kvm-clock: cpu 0, msr 0:3ffe3001, primary cpu clock
[    0.000000] kvm-clock: using sched offset of 3836282194 cycles
[    0.000000] clocksource: kvm-clock: mask: 0xffffffffffffffff max_cycles: 0x1cd42e4dffb, max_idle_ns: 881590591483 ns
[    0.000000] Zone ranges:
[    0.000000]   DMA      [mem 0x0000000000001000-0x0000000000ffffff]
[    0.000000]   DMA32    [mem 0x0000000001000000-0x000000003ffeffff]
[    0.000000]   Normal   empty
[    0.000000]   Device   empty
[    0.000000] Movable zone start for each node
[    0.000000] Early memory node ranges
[    0.000000]   node   0: [mem 0x0000000000001000-0x000000000009efff]
[    0.000000]   node   0: [mem 0x0000000000100000-0x000000003ffeffff]
[    0.000000] Initmem setup node 0 [mem 0x0000000000001000-0x000000003ffeffff]
[    0.000000] ACPI: PM-Timer IO Port: 0x4008
[    0.000000] IOAPIC[0]: apic_id 2, version 32, address 0xfec00000, GSI 0-23
[    0.000000] ACPI: INT_SRC_OVR (bus 0 bus_irq 0 global_irq 2 dfl dfl)
[    0.000000] ACPI: INT_SRC_OVR (bus 0 bus_irq 9 global_irq 9 low level)
[    0.000000] Using ACPI (MADT) for SMP configuration information
[    0.000000] smpboot: Allowing 2 CPUs, 0 hotplug CPUs
[    0.000000] PM: Registered nosave memory: [mem 0x00000000-0x00000fff]
[    0.000000] PM: Registered nosave memory: [mem 0x0009f000-0x0009ffff]
[    0.000000] PM: Registered nosave memory: [mem 0x000a0000-0x000effff]
[    0.000000] PM: Registered nosave memory: [mem 0x000f0000-0x000fffff]
[    0.000000] e820: [mem 0x40000000-0xfebfffff] available for PCI devices
[    0.000000] Booting paravirtualized kernel on KVM
[    0.000000] clocksource: refined-jiffies: mask: 0xffffffff max_cycles: 0xffffffff, max_idle_ns: 7645519600211568 ns
[    0.000000] setup_percpu: NR_CPUS:512 nr_cpumask_bits:512 nr_cpu_ids:2 nr_node_ids:1
[    0.000000] PERCPU: Embedded 33 pages/cpu @ffff88003fc00000 s95192 r8192 d31784 u1048576
[    0.000000] Built 1 zonelists in Node order, mobility grouping on.  Total pages: 257912
[    0.000000] Policy zone: DMA32
[    0.000000] Kernel command line: BOOT_IMAGE=/boot/vmlinuz-4.4.0-210-generic root=LABEL=cloudimg-rootfs ro console=tty1 console=ttyS0
[    0.000000] PID hash table entries: 4096 (order: 3, 32768 bytes)
[    0.000000] Memory: 997792K/1048120K available (8644K kernel code, 1332K rwdata, 4044K rodata, 1492K init, 1164K bss, 50328K reserved, 0K cma-reserved)
[    0.000000] SLUB: HWalign=64, Order=0-3, MinObjects=0, CPUs=2, Nodes=1
[    0.000000] Kernel/User page tables isolation: enabled
[    0.000000] Hierarchical RCU implementation.
[    0.000000] 	Build-time adjustment of leaf fanout to 64.
[    0.000000] 	RCU restricting CPUs from NR_CPUS=512 to nr_cpu_ids=2.
[    0.000000] RCU: Adjusting geometry for rcu_fanout_leaf=64, nr_cpu_ids=2
[    0.000000] NR_IRQS:33024 nr_irqs:440 16
[    0.000000] Console: colour VGA+ 80x25
[    0.000000] console [tty1] enabled
[    0.000000] console [ttyS0] enabled
[    0.000000] tsc: Detected 2711.998 MHz processor
[    0.895751] Calibrating delay loop (skipped) preset value.. 5423.99 BogoMIPS (lpj=10847992)
[    0.906850] pid_max: default: 32768 minimum: 301
[    0.912701] ACPI: Core revision 20150930
[    0.921690] ACPI: 2 ACPI AML tables successfully acquired and loaded
[    0.935282] Security Framework initialized
[    0.944603] Yama: becoming mindful.
[    0.949996] AppArmor: AppArmor initialized
[    0.957080] Dentry cache hash table entries: 131072 (order: 8, 1048576 bytes)
[    0.975681] Inode-cache hash table entries: 65536 (order: 7, 524288 bytes)
[    0.990958] Mount-cache hash table entries: 2048 (order: 2, 16384 bytes)
[    1.003890] Mountpoint-cache hash table entries: 2048 (order: 2, 16384 bytes)
[    1.019194] Initializing cgroup subsys io
[    1.025262] Initializing cgroup subsys memory
[    1.035899] Initializing cgroup subsys devices
[    1.044079] Initializing cgroup subsys freezer
[    1.055539] Initializing cgroup subsys net_cls
[    1.064840] Initializing cgroup subsys perf_event
[    1.076352] Initializing cgroup subsys net_prio
[    1.086279] Initializing cgroup subsys hugetlb
[    1.092242] Initializing cgroup subsys pids
[    1.102965] mce: CPU supports 0 MCE banks
[    1.109794] Last level iTLB entries: 4KB 64, 2MB 8, 4MB 8
[    1.118208] Last level dTLB entries: 4KB 64, 2MB 0, 4MB 0, 1GB 4
[    1.129117] Spectre V1 : Mitigation: usercopy/swapgs barriers and __user pointer sanitization
[    1.149788] Spectre V2 : Mitigation: Full generic retpoline
[    1.157783] Spectre V2 : Spectre v2 / SpectreRSB mitigation: Filling RSB on context switch
[    1.174857] Speculative Store Bypass: Vulnerable
[    1.180895] SRBDS: Unknown: Dependent on hypervisor status
[    1.193894] MDS: Mitigation: Clear CPU buffers
[    1.259930] Freeing SMP alternatives memory: 36K
[    1.390779] ftrace: allocating 32380 entries in 127 pages
[    2.215566] smpboot: APIC(0) Converting physical 0 to logical package 0
[    2.230144] smpboot: Max logical packages: 1
[    2.258915] ..TIMER: vector=0x30 apic1=0 pin1=2 apic2=-1 pin2=-1
[    2.376428] smpboot: CPU0: Intel(R) Core(TM) i7-6820HK CPU @ 2.70GHz (family: 0x6, model: 0x5e, stepping: 0x3)
[    2.394144] Performance Events: unsupported p6 CPU model 94 no PMU driver, software events only.
[    2.528499] KVM setup paravirtual spinlock
[    2.536369] x86: Booting SMP configuration:
[    2.541645] .... node  #0, CPUs:      #1
[    2.550396] kvm-clock: cpu 1, msr 0:3ffe3041, secondary cpu clock
[    2.559138] mce: CPU supports 0 MCE banks
[    2.564989] TSC synchronization [CPU#0 -> CPU#1]:
[    2.571143] Measured 70823 cycles TSC warp between CPUs, turning off TSC clock.
[    2.580541] tsc: Marking TSC unstable due to check_tsc_sync_source failed
[    0.660965] x86: Booted up 1 node, 2 CPUs
[    0.664003] smpboot: Total of 2 processors activated (10847.99 BogoMIPS)
[    0.672995] devtmpfs: initialized
[    0.681714] evm: security.selinux
[    0.684002] evm: security.SMACK64
[    0.688002] evm: security.SMACK64EXEC
[    0.692002] evm: security.SMACK64TRANSMUTE
[    0.696002] evm: security.SMACK64MMAP
[    0.700002] evm: security.ima
[    0.704002] evm: security.capability
[    0.712138] clocksource: jiffies: mask: 0xffffffff max_cycles: 0xffffffff, max_idle_ns: 7645041785100000 ns
[    0.716009] futex hash table entries: 512 (order: 3, 32768 bytes)
[    0.720486] pinctrl core: initialized pinctrl subsystem
[    0.724450] RTC time: 16:57:46, date: 02/10/23
[    0.732903] NET: Registered protocol family 16
[    0.748009] cpuidle: using governor ladder
[    0.764009] cpuidle: using governor menu
[    0.768006] PCCT header not found.
[    0.776087] ACPI: bus type PCI registered
[    0.780004] acpiphp: ACPI Hot Plug PCI Controller Driver version: 0.5
[    0.784580] PCI: Using configuration type 1 for base access
[    0.812384] ACPI: Added _OSI(Module Device)
[    0.816003] ACPI: Added _OSI(Processor Device)
[    0.820003] ACPI: Added _OSI(3.0 _SCP Extensions)
[    0.824002] ACPI: Added _OSI(Processor Aggregator Device)
[    0.832355] ACPI: Executed 1 blocks of module-level executable AML code
[    0.844762] ACPI: Interpreter enabled
[    0.848012] ACPI: (supports S0 S5)
[    0.852003] ACPI: Using IOAPIC for interrupt routing
[    0.860188] PCI: Using host bridge windows from ACPI; if necessary, use "pci=nocrs" and report a bug
[    0.877291] ACPI: PCI Root Bridge [PCI0] (domain 0000 [bus 00-ff])
[    0.880010] acpi PNP0A03:00: _OSC: OS supports [ASPM ClockPM Segments MSI]
[    0.884863] acpi PNP0A03:00: _OSC: not requesting OS control; OS requires [ExtendedConfig ASPM ClockPM MSI]
[    0.888016] acpi PNP0A03:00: fail to add MMCONFIG information, can't access extended PCI configuration space under this bridge.
[    0.896396] PCI host bridge to bus 0000:00
[    0.900007] pci_bus 0000:00: root bus resource [io  0x0000-0x0cf7 window]
[    0.904007] pci_bus 0000:00: root bus resource [io  0x0d00-0xffff window]
[    0.908007] pci_bus 0000:00: root bus resource [mem 0x000a0000-0x000bffff window]
[    0.912007] pci_bus 0000:00: root bus resource [mem 0x40000000-0xfdffffff window]
[    0.916006] pci_bus 0000:00: root bus resource [bus 00-ff]
[    0.932431] pci 0000:00:01.1: legacy IDE quirk: reg 0x10: [io  0x01f0-0x01f7]
[    0.936006] pci 0000:00:01.1: legacy IDE quirk: reg 0x14: [io  0x03f6]
[    0.940007] pci 0000:00:01.1: legacy IDE quirk: reg 0x18: [io  0x0170-0x0177]
[    0.944008] pci 0000:00:01.1: legacy IDE quirk: reg 0x1c: [io  0x0376]
[    0.972000] pci 0000:00:07.0: quirk: [io  0x4000-0x403f] claimed by PIIX4 ACPI
[    0.972000] pci 0000:00:07.0: quirk: [io  0x4100-0x410f] claimed by PIIX4 SMB
[    0.972000] ACPI: PCI Interrupt Link [LNKA] (IRQs 5 9 10 *11)
[    0.972000] ACPI: PCI Interrupt Link [LNKB] (IRQs 5 9 *10 11)
[    0.972000] ACPI: PCI Interrupt Link [LNKC] (IRQs 5 *9 10 11)
[    0.972000] ACPI: PCI Interrupt Link [LNKD] (IRQs 5 9 10 *11)
[    0.977428] ACPI: Enabled 2 GPEs in block 00 to 07
[    0.980338] vgaarb: setting as boot device: PCI:0000:00:02.0
[    0.984000] vgaarb: device added: PCI:0000:00:02.0,decodes=io+mem,owns=io+mem,locks=none
[    0.984008] vgaarb: loaded
[    0.988005] vgaarb: bridge control possible 0000:00:02.0
[    0.996501] SCSI subsystem initialized
[    1.004251] ACPI: bus type USB registered
[    1.008056] usbcore: registered new interface driver usbfs
[    1.012039] usbcore: registered new interface driver hub
[    1.016033] usbcore: registered new device driver usb
[    1.024227] PCI: Using ACPI for IRQ routing
[    1.032470] NetLabel: Initializing
[    1.036003] NetLabel:  domain hash size = 128
[    1.040002] NetLabel:  protocols = UNLABELED CIPSOv4
[    1.044020] NetLabel:  unlabeled traffic allowed by default
[    1.052169] amd_nb: Cannot enumerate AMD northbridges
[    1.056424] clocksource: Switched to clocksource kvm-clock
[    1.067024] AppArmor: AppArmor Filesystem Enabled
[    1.067024] pnp: PnP ACPI init
[    1.109082] pnp: PnP ACPI: found 3 devices
[    1.174971] clocksource: acpi_pm: mask: 0xffffff max_cycles: 0xffffff, max_idle_ns: 2085701024 ns
[    1.176296] NET: Registered protocol family 2
[    1.193724] TCP established hash table entries: 8192 (order: 4, 65536 bytes)
[    1.196658] TCP bind hash table entries: 8192 (order: 5, 131072 bytes)
[    1.196658] TCP: Hash tables configured (established 8192 bind 8192)
[    1.196658] UDP hash table entries: 512 (order: 2, 16384 bytes)
[    1.196658] UDP-Lite hash table entries: 512 (order: 2, 16384 bytes)
[    1.196658] NET: Registered protocol family 1
[    1.196658] pci 0000:00:00.0: Limiting direct PCI/PCI transfers
[    1.196658] pci 0000:00:01.0: Activating ISA DMA hang workarounds
[    1.196658] Unpacking initramfs...
[    1.196658] Freeing initrd memory: 14888K
[    1.196658] clocksource: tsc: mask: 0xffffffffffffffff max_cycles: 0x27178451938, max_idle_ns: 440795251172 ns
[    1.196658] platform rtc_cmos: registered platform RTC device (no PNP device found)
[    1.196658] Scanning for low memory corruption every 60 seconds
[    1.673205] audit: initializing netlink subsys (disabled)
[    1.680262] audit: type=2000 audit(1676048270.799:1): initialized
[    1.688596] Initialise system trusted keyring
[    1.695268] HugeTLB registered 2 MB page size, pre-allocated 0 pages
[    1.706297] zbud: loaded
[    1.710964] VFS: Disk quotas dquot_6.6.0
[    1.716451] VFS: Dquot-cache hash table entries: 512 (order 0, 4096 bytes)
[    1.725303] squashfs: version 4.0 (2009/01/31) Phillip Lougher
[    1.734878] fuse init (API version 7.23)
[    1.741493] Key type big_key registered
[    1.747500] Allocating IMA MOK and blacklist keyrings.
[    1.775772] Key type asymmetric registered
[    1.781334] Asymmetric key parser 'x509' registered
[    1.787821] Block layer SCSI generic (bsg) driver version 0.4 loaded (major 249)
[    1.797728] io scheduler noop registered
[    1.803824] io scheduler deadline registered (default)
[    1.810811] io scheduler cfq registered
[    1.817389] pci_hotplug: PCI Hot Plug PCI Core version: 0.5
[    1.825093] pciehp: PCI Express Hot Plug Controller Driver version: 0.4
[    1.834489] ACPI: AC Adapter [AC] (on-line)
[    1.840304] input: Power Button as /devices/LNXSYSTM:00/LNXPWRBN:00/input/input0
[    1.849815] ACPI: Power Button [PWRF]
[    1.855850] input: Sleep Button as /devices/LNXSYSTM:00/LNXSLPBN:00/input/input1
[    1.864734] ACPI: Sleep Button [SLPF]
[    1.873325] GHES: HEST is not enabled!
[    1.876548] ACPI: Battery Slot [BAT0] (battery present)
[    1.890443] Serial: 8250/16550 driver, 32 ports, IRQ sharing enabled
[    1.927353] 00:02: ttyS0 at I/O 0x3f8 (irq = 4, base_baud = 115200) is a 16550A
[    1.962620] Linux agpgart interface v0.103
[    1.982991] loop: module loaded
[    1.990915] scsi host0: ata_piix
[    1.996932] scsi host1: ata_piix
[    2.000883] ata1: PATA max UDMA/33 cmd 0x1f0 ctl 0x3f6 bmdma 0xd000 irq 14
[    2.000883] ata2: PATA max UDMA/33 cmd 0x170 ctl 0x376 bmdma 0xd008 irq 15
[    2.022577] libphy: Fixed MDIO Bus: probed
[    2.131360] tun: Universal TUN/TAP device driver, 1.6
[    2.139608] tun: (C) 1999-2004 Max Krasnyansky <maxk@qualcomm.com>
[    2.150986] PPP generic driver version 2.4.2
[    2.158352] ehci_hcd: USB 2.0 'Enhanced' Host Controller (EHCI) Driver
[    2.167523] ehci-pci: EHCI PCI platform driver
[    2.174762] ehci-platform: EHCI generic platform driver
[    2.183754] ohci_hcd: USB 1.1 'Open' Host Controller (OHCI) Driver
[    2.194593] ohci-pci: OHCI PCI platform driver
[    2.201291] ohci-platform: OHCI generic platform driver
[    2.208601] uhci_hcd: USB Universal Host Controller Interface driver
[    2.217961] i8042: PNP: PS/2 Controller [PNP0303:PS2K,PNP0f03:PS2M] at 0x60,0x64 irq 1,12
[    2.236986] serio: i8042 KBD port at 0x60,0x64 irq 1
[    2.238497] serio: i8042 AUX port at 0x60,0x64 irq 12
[    2.251054] mousedev: PS/2 mouse device common for all mice
[    2.262919] rtc_cmos rtc_cmos: rtc core: registered rtc_cmos as rtc0
[    2.271682] rtc_cmos rtc_cmos: alarms up to one day, 114 bytes nvram
[    2.279635] i2c /dev entries driver
[    2.284202] device-mapper: uevent: version 1.0.3
[    2.290992] device-mapper: ioctl: 4.34.0-ioctl (2015-10-28) initialised: dm-devel@redhat.com
[    2.309098] ledtrig-cpu: registered to indicate activity on CPUs
[    2.323929] input: AT Translated Set 2 keyboard as /devices/platform/i8042/serio0/input/input2
[    2.363714] NET: Registered protocol family 10
[    2.371121] NET: Registered protocol family 17
[    2.377955] Key type dns_resolver registered
[    2.387667] registered taskstats version 1
[    2.393760] Loading compiled-in X.509 certificates
[    2.401326] Loaded X.509 cert 'Build time autogenerated kernel key: cf00e047681d67edb2720680708b7d9498083038'
[    2.414042] zswap: loaded using pool lzo/zbud
[    2.428374] Key type trusted registered
[    2.443815] Key type encrypted registered
[    2.450351] AppArmor: AppArmor sha1 policy hashing enabled
[    2.458039] ima: No TPM chip found, activating TPM-bypass!
[    2.466114] ima: Allocated hash algorithm: sha1
[    2.472932] evm: HMAC attrs: 0x1
[    2.479553]   Magic number: 11:864:994
[    2.486591] rtc_cmos rtc_cmos: setting system clock to 2023-02-10 16:57:48 UTC (1676048268)
[    2.497631] BIOS EDD facility v0.16 2004-Jun-25, 0 devices found
[    2.506475] EDD information not available.
[    2.516356] Freeing unused kernel memory: 1492K
[    2.532621] Write protecting the kernel read-only data: 14336k
[    2.542349] Freeing unused kernel memory: 1584K
[    2.549675] Freeing unused kernel memory: 52K
Loading, please wait...
starting version 229
[    2.583379] random: udevadm: uninitialized urandom read (16 bytes read, 9 bits of entropy available)
[    2.583444] random: systemd-udevd: uninitialized urandom read (16 bytes read, 9 bits of entropy available)
[    2.583526] random: systemd-udevd: uninitialized urandom read (16 bytes read, 9 bits of entropy available)
[    2.583536] random: systemd-udevd: uninitialized urandom read (16 bytes read, 9 bits of entropy available)
[    2.583549] random: systemd-udevd: uninitialized urandom read (16 bytes read, 9 bits of entropy available)
[    2.645213] random: udevadm: uninitialized urandom read (16 bytes read, 9 bits of entropy available)
[    2.666166] random: systemd-udevd: uninitialized urandom read (16 bytes read, 9 bits of entropy available)
[    2.681395] random: systemd-udevd: uninitialized urandom read (16 bytes read, 9 bits of entropy available)
[    2.686311] random: udevadm: uninitialized urandom read (16 bytes read, 9 bits of entropy available)
[    2.686364] random: udevadm: uninitialized urandom read (16 bytes read, 9 bits of entropy available)
[    2.788039] Fusion MPT base driver 3.04.20
[    2.794535] Copyright (c) 1999-2008 LSI Corporation
[    2.810886] e1000: Intel(R) PRO/1000 Network Driver - version 7.3.21-k8-NAPI
[    2.823323] e1000: Copyright (c) 1999-2006 Intel Corporation.
[    2.874953] SSE version of gcm_enc/dec engaged.
[    2.899514] Fusion MPT SPI Host driver 3.04.20
[    3.117521] input: ImExPS/2 Generic Explorer Mouse as /devices/platform/i8042/serio1/input/input4
[    3.937727] e1000 0000:00:03.0 eth0: (PCI:33MHz:32-bit) 02:be:82:6b:cc:1d
[    3.947458] e1000 0000:00:03.0 eth0: Intel(R) PRO/1000 Network Connection
[    4.892448] e1000 0000:00:08.0 eth1: (PCI:33MHz:32-bit) 08:00:27:23:6b:fe
[    4.896400] e1000 0000:00:08.0 eth1: Intel(R) PRO/1000 Network Connection
[    4.912510] e1000 0000:00:08.0 enp0s8: renamed from eth1
[    4.925908] mptbase: ioc0: Initiating bringup
[    6.353122] e1000 0000:00:03.0 enp0s3: renamed from eth0
[    6.429833] ioc0: LSI53C1030 A0: Capabilities={Initiator}
[    7.089354] scsi host2: ioc0: LSI53C1030 A0, FwRev=00000000h, Ports=1, MaxQ=256, IRQ=20
[    7.248939] scsi 2:0:0:0: Direct-Access     VBOX     HARDDISK         1.0  PQ: 0 ANSI: 5
[    7.259773] scsi target2:0:0: Beginning Domain Validation
[    7.276735] scsi target2:0:0: Domain Validation skipping write tests
[    7.285185] scsi target2:0:0: Ending Domain Validation
[    7.293155] scsi target2:0:0: asynchronous
[    7.302419] scsi 2:0:1:0: Direct-Access     VBOX     HARDDISK         1.0  PQ: 0 ANSI: 5
[    7.313358] scsi target2:0:1: Beginning Domain Validation
[    7.333751] scsi target2:0:1: Domain Validation skipping write tests
[    7.342291] scsi target2:0:1: Ending Domain Validation
[    7.350329] scsi target2:0:1: asynchronous
[    7.396307] sd 2:0:0:0: [sda] 83886080 512-byte logical blocks: (42.9 GB/40.0 GiB)
[    7.431665] sd 2:0:0:0: Attached scsi generic sg0 type 0
[    7.440456] sd 2:0:1:0: Attached scsi generic sg1 type 0
[    7.450515] sd 2:0:1:0: [sdb] 20480 512-byte logical blocks: (10.5 MB/10.0 MiB)
[    7.462481] sd 2:0:0:0: [sda] Write Protect is off
[    7.465417] sd 2:0:1:0: [sdb] Write Protect is off
[    7.466700] sd 2:0:1:0: [sdb] Incomplete mode parameter data
[    7.466702] sd 2:0:1:0: [sdb] Assuming drive cache: write through
[    7.481294] sd 2:0:1:0: [sdb] Attached SCSI disk
[    7.509743] sd 2:0:0:0: [sda] Incomplete mode parameter data
[    7.518497] sd 2:0:0:0: [sda] Assuming drive cache: write through
[    7.543407]  sda: sda1
[    7.553582] sd 2:0:0:0: [sda] Attached SCSI disk
Begin: Loading essential drivers ... [    9.539821] md: linear personality registered for level -1
[    9.554660] md: multipath personality registered for level -4
[    9.569598] md: raid0 personality registered for level 0
[    9.600462] md: raid1 personality registered for level 1
[    9.684537] raid6: sse2x1   gen()  9672 MB/s
[    9.756793] raid6: sse2x1   xor()  6562 MB/s
[    9.828267] raid6: sse2x2   gen() 10123 MB/s
[    9.900171] raid6: sse2x2   xor()  7894 MB/s
[    9.973176] raid6: sse2x4   gen() 11027 MB/s
[   10.044381] raid6: sse2x4   xor()  8755 MB/s
[   10.050043] raid6: using algorithm sse2x4 gen() 11027 MB/s
[   10.057537] raid6: .... xor() 8755 MB/s, rmw enabled
[   10.065942] raid6: using ssse3x2 recovery algorithm
[   10.076437] xor: measuring software checksum speed
[   12.139553]    prefetch64-sse: -118000.-296 MB/sec
[   15.175949]    generic_sse: -282314.-296 MB/sec
[   15.182824] xor: using function: prefetch64-sse (-118000.-296 MB/sec)
[   15.195403] async_tx: api initialized (async)
[   15.258513] md: raid6 personality registered for level 6
[   15.368493] md: raid5 personality registered for level 5
[   15.377067] md: raid4 personality registered for level 4
[   15.418389] md: raid10 personality registered for level 10
done.
Begin: Running /scripts/init-premount ... done.
Begin: Mounting root file system ... Begin: Running /scripts/local-top ... done.
Begin: Running /scripts/local-premount ... [   15.539917] Btrfs loaded
Scanning for Btrfs filesystems
done.
Warning: fsck not present, so skipping root file system
[   15.621197] EXT4-fs (sda1): mounted filesystem with ordered data mode. Opts: (null)
done.
Begin: Running /scripts/local-bottom ... done.
Begin: Running /scripts/init-bottom ... done.
[   15.846721] systemd[1]: systemd 229 running in system mode. (+PAM +AUDIT +SELINUX +IMA +APPARMOR +SMACK +SYSVINIT +UTMP +LIBCRYPTSETUP +GCRYPT +GNUTLS +ACL +XZ -LZ4 +SECCOMP +BLKID +ELFUTILS +KMOD -IDN)
[   15.870226] systemd[1]: Detected virtualization oracle.
[   15.874098] systemd[1]: Detected architecture x86-64.

Welcome to [1mUbuntu 16.04.7 LTS[0m!

[   15.896407] systemd[1]: Set hostname to <ubuntu-xenial>.
[   16.180499] systemd[1]: Listening on LVM2 poll daemon socket.
[[0;32m  OK  [0m] Listening on LVM2 poll daemon socket.
[   16.193500] systemd[1]: Listening on Journal Socket (/dev/log).
[[0;32m  OK  [0m] Listening on Journal Socket (/dev/log).
[   16.205192] systemd[1]: Reached target User and Group Name Lookups.
[[0;32m  OK  [0m] Reached target User and Group Name Lookups.
[   16.218080] systemd[1]: Listening on udev Control Socket.
[[0;32m  OK  [0m] Listening on udev Control Socket.
[   16.242655] systemd[1]: Listening on Journal Audit Socket.
[[0;32m  OK  [0m] Listening on Journal Audit Socket.
[   16.254623] systemd[1]: Created slice System Slice.
[[0;32m  OK  [0m] Created slice System Slice.
[   16.265605] systemd[1]: Listening on Syslog Socket.
[[0;32m  OK  [0m] Listening on Syslog Socket.
[   16.276920] systemd[1]: Listening on Journal Socket.
[[0;32m  OK  [0m] Listening on Journal Socket.
[   16.304767] systemd[1]: Mounting Debug File System...
         Mounting Debug File System...
[   16.319867] systemd[1]: Mounting POSIX Message Queue File System...
         Mounting POSIX Message Queue File System...
[   16.338824] systemd[1]: Starting Uncomplicated firewall...
         Starting Uncomplicated firewall...
[   16.368480] systemd[1]: Starting Nameserver information manager...
         Starting Nameserver information manager...
[   16.382644] systemd[1]: Started Trigger resolvconf update for networkd DNS.
[[0;32m  OK  [0m] Started Trigger resolvconf update for networkd DNS.
[   16.397628] systemd[1]: Reached target Encrypted Volumes.
[[0;32m  OK  [0m] Reached target Encrypted Volumes.
[   16.410053] systemd[1]: Listening on Device-mapper event daemon FIFOs.
[[0;32m  OK  [0m] Listening on Device-mapper event daemon FIFOs.
[   16.426731] systemd[1]: Created slice User and Session Slice.
[[0;32m  OK  [0m] Created slice User and Session Slice.
[   16.441283] systemd[1]: Reached target Slices.
[[0;32m  OK  [0m] Reached target Slices.
[   16.453621] systemd[1]: Listening on /dev/initctl Compatibility Named Pipe.
[[0;32m  OK  [0m] Listening on /dev/initctl Compatibility Named Pipe.
[   16.585189] systemd[1]: Starting Create list of required static device nodes for the current kernel...
[   16.587356] random: nonblocking pool is initialized
         Starting Create list of required st... nodes for the current kernel...
[   16.617635] systemd[1]: Set up automount Arbitrary Executable File Formats File System Automount Point.
[[0;32m  OK  [0m] Set up automount Arbitrary Executab...ats File System Automount Point.
[   16.641278] systemd[1]: Reached target Swap.
[[0;32m  OK  [0m] Reached target Swap.
[   16.653021] systemd[1]: Listening on udev Kernel Socket.
[[0;32m  OK  [0m] Listening on udev Kernel Socket.
[   16.665945] systemd[1]: Reached target System Time Synchronized.
[[0;32m  OK  [0m] Reached target System Time Synchronized.
[   16.682528] systemd[1]: Listening on fsck to fsckd communication Socket.
[[0;32m  OK  [0m] Listening on fsck to fsckd communication Socket.
[   16.713334] systemd[1]: Starting File System Check on Root Device...
         Starting File System Check on Root Device...
[   16.731200] systemd[1]: Mounting Huge Pages File System...
         Mounting Huge Pages File System...
[   16.749362] systemd[1]: Started Forward Password Requests to Wall Directory Watch.
[[0;32m  OK  [0m] Started Forward Password Requests to Wall Directory Watch.
[   16.776549] systemd[1]: Starting Journal Service...
         Starting Journal Service...
[   16.789762] systemd[1]: Starting Set console keymap...
         Starting Set console keymap...
[   16.800776] systemd[1]: Listening on LVM2 metadata daemon socket.
[[0;32m  OK  [0m] Listening on LVM2 metadata daemon socket.
[   16.815451] systemd[1]: Starting Monitoring of LVM2 mirrors, snapshots etc. using dmeventd or progress polling...
         Starting Monitoring of LVM2 mirrors... dmeventd or progress polling...
[   16.843599] systemd[1]: Created slice system-serial\x2dgetty.slice.
[[0;32m  OK  [0m] Created slice system-serial\x2dgetty.slice.
[   16.885307] systemd[1]: Starting Load Kernel Modules...
         Starting Load Kernel Modules...
[   16.906063] systemd[1]: Mounted Huge Pages File System.
[[0;32m  OK  [0m] Mounted Huge Pages File System.
[   16.917434] systemd[1]: Mounted POSIX Message Queue File System.
[   16.926681] Loading iSCSI transport class v2.0-870.
[[0;32m  OK  [0m] Mounted POSIX Message Queue File System.
[   16.939071] systemd[1]: Mounted Debug File System.
[[0;32m  OK  [0m] Mounted Debug File System.
[   16.952348] systemd[1]: Started Journal Service.
[[0;32m  OK  [0m] Started Journal Service.
[[0;32m  OK  [0m] Started Uncomplicated firewall.
[   16.979292] iscsi: registered transport (tcp)
[[0;32m  OK  [0m] Started Create list of required sta...ce nodes for the current kernel.
[[0;32m  OK  [0m] Started File System Check on Root Device.
[[0;32m  OK  [0m] Started Set console keymap.
[[0;32m  OK  [0m] Started Nameserver information manager.
[[0;32m  OK  [0m] Started LVM2 metadata daemon.
[[0;32m  OK  [0m] Started File System Check Daemon to report status.
[   17.120894] iscsi: registered transport (iser)
         Starting Remount Root and Kernel File Systems...
         Starting Create Static Device Nodes in /dev...
[   17.143513] EXT4-fs (sda1): re-mounted. Opts: (null)
[[0;32m  OK  [0m] Started Load Kernel Modules.
[[0;32m  OK  [0m] Started Remount Root and Kernel File Systems.
[[0;32m  OK  [0m] Started Create Static Device Nodes in /dev.
         Starting udev Kernel Device Manager...
         Starting udev Coldplug all Devices...
         Starting Load/Save Random Seed...
         Starting Flush Journal to Persistent Storage...
         Starting Apply Kernel Variables...
         Mounting FUSE Control File System...
[[0;32m  OK  [0m] Mounted FUSE Control File System.
[[0;32m  OK  [0m] Started udev Kernel Device Manager.
[[0;32m  OK  [0m] Started Load/Save Random Seed.
[[0;32m  OK  [0m] Started Apply Kernel Variables.
[[0;32m  OK  [0m] Started Flush Journal to Persistent Storage.
[[0;32m  OK  [0m] Started udev Coldplug all Devices.
[[0;32m  OK  [0m] Started Dispatch Password Requests to Console Directory Watch.
[[0;32m  OK  [0m] Started Monitoring of LVM2 mirrors,...ng dmeventd or progress polling.
[[0;32m  OK  [0m] Reached target Local File Systems (Pre).
[[0;32m  OK  [0m] Reached target Local File Systems.
         Starting Set console font and keymap...
         Starting Initial cloud-init job (pre-networking)...
         Starting Tell Plymouth To Write Out Runtime Data...
         Starting Create Volatile Files and Directories...
         Starting LSB: AppArmor initialization...
[[0;32m  OK  [0m] Found device /dev/ttyS0.
[[0;32m  OK  [0m] Started Tell Plymouth To Write Out Runtime Data.
[[0;32m  OK  [0m] Started Create Volatile Files and Directories.
         Starting Update UTMP about System Boot/Shutdown...
[[0;32m  OK  [0m] Started Update UTMP about System Boot/Shutdown.
[[0;32m  OK  [0m] Listening on Load/Save RF Kill Switch Status /dev/rfkill Watch.
[[0;32m  OK  [0m] Started LSB: AppArmor initialization.
         Starting Load AppArmor profiles managed internally by snapd...
[[0;32m  OK  [0m] Started Load AppArmor profiles managed internally by snapd.
[[0;32m  OK  [0m] Found device 82540EM Gigabit Ethern...r (PRO/1000 MT Desktop Adapter).
[   19.930354] cloud-init[496]: Cloud-init v. 21.1-19-gbad84ad4-0ubuntu1~16.04.2 running 'init-local' at Fri, 10 Feb 2023 16:58:05 +0000. Up 19.54 seconds.
[[0;32m  OK  [0m] Found device 82540EM Gigabit Ethern...r (PRO/1000 MT Desktop Adapter).
[[0;32m  OK  [0m] Started Initial cloud-init job (pre-networking).
[[0;32m  OK  [0m] Reached target Network (Pre).
         Starting Raise network interfaces...
[[0;32m  OK  [0m] Started ifup for enp0s3.
[[0;32m  OK  [0m] Started ifup for enp0s8.
[[0;32m  OK  [0m] Started Set console font and keymap.
[[0;32m  OK  [0m] Created slice system-getty.slice.
[[0;32m  OK  [0m] Started Raise network interfaces.
[[0;32m  OK  [0m] Reached target Network.
         Starting Initial cloud-init job (metadata service crawler)...
[   21.817552] cloud-init[1084]: Cloud-init v. 21.1-19-gbad84ad4-0ubuntu1~16.04.2 running 'init' at Fri, 10 Feb 2023 16:58:07 +0000. Up 21.52 seconds.
[   21.826193] cloud-init[1084]: ci-info: ++++++++++++++++++++++++++++++++++++++Net device info+++++++++++++++++++++++++++++++++++++++
[   21.837207] cloud-init[1084]: ci-info: +--------+------+-----------------------------+---------------+--------+-------------------+
[   21.845366] cloud-init[1084]: ci-info: | Device |  Up  |           Address           |      Mask     | Scope  |     Hw-Address    |
[   21.853392] cloud-init[1084]: ci-info: +--------+------+-----------------------------+---------------+--------+-------------------+
[   21.861747] cloud-init[1084]: ci-info: | enp0s3 | True |          10.0.2.15          | 255.255.255.0 | global | 02:be:82:6b:cc:1d |
[   21.868959] cloud-init[1084]: ci-info: | enp0s3 | True |  fe80::be:82ff:fe6b:cc1d/64 |       .       |  link  | 02:be:82:6b:cc:1d |
[   21.877139] cloud-init[1084]: ci-info: | enp0s8 | True |        192.168.10.100       | 255.255.255.0 | global | 08:00:27:23:6b:fe |
[   21.884464] cloud-init[1084]: ci-info: | enp0s8 | True | fe80::a00:27ff:fe23:6bfe/64 |       .       |  link  | 08:00:27:23:6b:fe |
[   21.892649] cloud-init[1084]: ci-info: |   lo   | True |          127.0.0.1          |   255.0.0.0   |  host  |         .         |
[   21.900671] cloud-init[1084]: ci-info: |   lo   | True |           ::1/128           |       .       |  host  |         .         |
[   21.908038] cloud-init[1084]: ci-info: +--------+------+-----------------------------+---------------+--------+-------------------+
[   21.916405] cloud-init[1084]: ci-info: ++++++++++++++++++++++++++++Route IPv4 info++++++++++++++++++++++++++++
[   21.923929] cloud-init[1084]: ci-info: +-------+--------------+----------+---------------+-----------+-------+
[   21.930883] cloud-init[1084]: ci-info: | Route | Destination  | Gateway  |    Genmask    | Interface | Flags |
[   21.938330] cloud-init[1084]: ci-info: +-------+--------------+----------+---------------+-----------+-------+
[   21.946506] cloud-init[1084]: ci-info: |   0   |   0.0.0.0    | 10.0.2.2 |    0.0.0.0    |   enp0s3  |   UG  |
[   21.953884] cloud-init[1084]: ci-info: |   1   |   10.0.2.0   | 0.0.0.0  | 255.255.255.0 |   enp0s3  |   U   |
[   21.961217] cloud-init[1084]: ci-info: |   2   | 192.168.10.0 | 0.0.0.0  | 255.255.255.0 |   enp0s8  |   U   |
[   21.969276] cloud-init[1084]: ci-info: +-------+--------------+----------+---------------+-----------+-------+
[   21.970778] cloud-init[1084]: ci-info: +++++++++++++++++++Route IPv6 info+++++++++++++++++++
[   21.970912] cloud-init[1084]: ci-info: +-------+-------------+---------+-----------+-------+
[   21.971518] cloud-init[1084]: ci-info: | Route | Destination | Gateway | Interface | Flags |
[   21.972576] cloud-init[1084]: ci-info: +-------+-------------+---------+-----------+-------+
[   21.973065] cloud-init[1084]: ci-info: |   0   |  fe80::/64  |    ::   |   enp0s3  |   U   |
[   21.973587] cloud-init[1084]: ci-info: |   1   |  fe80::/64  |    ::   |   enp0s8  |   U   |
[   21.974203] cloud-init[1084]: ci-info: |   4   |   ff00::/8  |    ::   |   enp0s3  |   U   |
[   21.974705] cloud-init[1084]: ci-info: |   5   |   ff00::/8  |    ::   |   enp0s8  |   U   |
[   21.975182] cloud-init[1084]: ci-info: +-------+-------------+---------+-----------+-------+
[[0;32m  OK  [0m] Started Initial cloud-init job (metadata service crawler).
[[0;32m  OK  [0m] Reached target Cloud-config availability.
[[0;32m  OK  [0m] Reached target System Initialization.
         Starting LXD - unix socket.
[[0;32m  OK  [0m] Listening on D-Bus System Message Bus Socket.
[[0;32m  OK  [0m] Listening on UUID daemon activation socket.
[[0;32m  OK  [0m] Started Daily Cleanup of Temporary Directories.
[[0;32m  OK  [0m] Listening on ACPID Listen Socket.
         Starting Socket activation for snappy daemon.
[[0;32m  OK  [0m] Started Message of the Day.
[[0;32m  OK  [0m] Started Ubuntu Advantage Timer for running repeated jobs.
[[0;32m  OK  [0m] Started ACPI Events Check.
[[0;32m  OK  [0m] Reached target Paths.
[[0;32m  OK  [0m] Started Daily apt download activities.
[[0;32m  OK  [0m] Started Daily apt upgrade and clean activities.
[[0;32m  OK  [0m] Reached target Timers.
[[0;32m  OK  [0m] Reached target Network is Online.
         Starting iSCSI initiator daemon (iscsid)...
[[0;32m  OK  [0m] Listening on LXD - unix socket.
[[0;32m  OK  [0m] Listening on Socket activation for snappy daemon.
[[0;32m  OK  [0m] Reached target Sockets.
[[0;32m  OK  [0m] Reached target Basic System.
         Starting Accounts Service...
[[0;32m  OK  [0m] Started D-Bus System Message Bus.
         Starting Virtualbox guest utils...
[[0;32m  OK  [0m] Started Deferred execution scheduler.
         Starting A high performance web server and a reverse proxy server...
         Starting LSB: MD monitoring daemon...
         Starting LSB: Record successful boot for GRUB...
         Starting System Logging Service...
         Starting /etc/rc.local Compatibility...
         Starting OpenBSD Secure Shell server...
         Starting Snap Daemon...
[[0;32m  OK  [0m] Started ACPI event daemon.
         Starting Login Service...
[[0;32m  OK  [0m] Started FUSE filesystem for LXC.
[[0;32m  OK  [0m] Started Regular background program processing daemon.
         Starting LXD - container startup/shutdown...
[[0;32m  OK  [0m] Started /etc/rc.local Compatibility.
[[0;32m  OK  [0m] Started System Logging Service.
[[0;32m  OK  [0m] Started iSCSI initiator daemon (iscsid).
         Starting Authenticate and Authorize Users to Run Privileged Tasks...
         Starting Login to default iSCSI targets...
[[0;32m  OK  [0m] Started Login Service.
[[0;32m  OK  [0m] Started Unattended Upgrades Shutdown.
[[0;32m  OK  [0m] Started LSB: Record successful boot for GRUB.
[[0;32m  OK  [0m] Started Login to default iSCSI targets.
[[0;32m  OK  [0m] Started LSB: MD monitoring daemon.
[[0;32m  OK  [0m] Started Authenticate and Authorize Users to Run Privileged Tasks.
[[0;32m  OK  [0m] Started OpenBSD Secure Shell server.
[[0;32m  OK  [0m] Started Accounts Service.
[[0;32m  OK  [0m] Reached target Remote File Systems (Pre).
         Mounting /home/vagrant/app...
         Mounting /vagrant...
[[0;32m  OK  [0m] Started A high performance web server and a reverse proxy server.
[[0;1;31mFAILED[0m] Failed to mount /vagrant.
See 'systemctl status vagrant.mount' for details.
[[0;1;33mDEPEND[0m] Dependency failed for Remote File Systems.
[[0;1;31mFAILED[0m] Failed to mount /home/vagrant/app.
See 'systemctl status home-vagrant-app.mount' for details.
[[0;32m  OK  [0m] Started LXD - container startup/shutdown.
         Starting Permit User Sessions...
         Starting LSB: automatic crash report generation...
         Starting LSB: Set the CPU Frequency Scaling governor to "ondemand"...
         Starting LSB: daemon to balance interrupts for SMP systems...
[[0;32m  OK  [0m] Started Virtualbox guest utils.
[[0;32m  OK  [0m] Started Permit User Sessions.
         Starting Terminate Plymouth Boot Screen...
         Starting Hold until boot process finishes up...
[[0;32m  OK  [0m] Started Terminate Plymouth Boot Screen.
[[0;32m  OK  [0m] Started LSB: automatic crash report generation.
[[0;32m  OK  [0m] Started LSB: Set the CPU Frequency Scaling governor to "ondemand".
[[0;32m  OK  [0m] Started Hold until boot process finishes up.
         Starting Set console scheme...
[[0;32m  OK  [0m] Started Getty on tty1.
[[0;32m  OK  [0m] Started Serial Getty on ttyS0.
[[0;32m  OK  [0m] Reached target Login Prompts.
[[0;32m  OK  [0m] Started Set console scheme.
[[0;32m  OK  [0m] Started LSB: daemon to balance interrupts for SMP systems.
[[0;32m  OK  [0m] Started Snap Daemon.
         Starting Wait until snapd is fully seeded...
[[0;32m  OK  [0m] Started Wait until snapd is fully seeded.
         Starting Apply the settings specified in cloud-config...
[   24.291643] cloud-init[1362]: Cloud-init v. 21.1-19-gbad84ad4-0ubuntu1~16.04.2 running 'modules:config' at Fri, 10 Feb 2023 16:58:10 +0000. Up 24.18 seconds.
[[0;32m  OK  [0m] Started Apply the settings specified in cloud-config.
         Starting cloud-id shim...
[[0;32m  OK  [0m] Started cloud-id shim.
[[0;32m  OK  [0m] Reached target Multi-User System.
         Starting Execute cloud user/final scripts...
[[0;32m  OK  [0m] Reached target Graphical Interface.
         Starting Update UTMP about System Runlevel Changes...
[[0;32m  OK  [0m] Started Update UTMP about System Runlevel Changes.
[[0;32m  OK  [0m] Created slice User Slice of vagrant.
         Starting User Manager for UID 1000...
[[0;32m  OK  [0m] Started Session 1 of user vagrant.
[   25.143893] cloud-init[1378]: Cloud-init v. 21.1-19-gbad84ad4-0ubuntu1~16.04.2 running 'modules:final' at Fri, 10 Feb 2023 16:58:10 +0000. Up 24.93 seconds.
[   25.155647] cloud-init[1378]: Cloud-init v. 21.1-19-gbad84ad4-0ubuntu1~16.04.2 finished at Fri, 10 Feb 2023 16:58:11 +0000. Datasource DataSourceNoCloud [seed=/dev/sdb][dsmode=net].  Up 25.12 seconds
[[0;32m  OK  [0m] Started User Manager for UID 1000.
[[0;32m  OK  [0m] Started Execute cloud user/final scripts.
[[0;32m  OK  [0m] Reached target Cloud-init target.

Ubuntu 16.04.7 LTS ubuntu-xenial ttyS0

ubuntu-xenial login: 